#
# There is insufficient memory for the Java Runtime Environment to continue.
# Native memory allocation (malloc) failed to allocate 972976 bytes for Chunk::new
# Possible reasons:
#   The system is out of physical RAM or swap space
#   In 32 bit mode, the process size limit was hit
# Possible solutions:
#   Reduce memory load on the system
#   Increase physical memory or swap space
#   Check if swap backing store is full
#   Use 64 bit Java on a 64 bit OS
#   Decrease Java heap size (-Xmx/-Xms)
#   Decrease number of Java threads
#   Decrease Java thread stack sizes (-Xss)
#   Set larger code cache with -XX:ReservedCodeCacheSize=
# This output file may be truncated or incomplete.
#
#  Out of Memory Error (allocation.cpp:390), pid=140140, tid=137572
#
# JRE version: Java(TM) SE Runtime Environment (8.0_77-b03) (build 1.8.0_77-b03)
# Java VM: Java HotSpot(TM) 64-Bit Server VM (25.77-b03 mixed mode windows-amd64 compressed oops)
# Failed to write core dump. Minidumps are not enabled by default on client versions of Windows
#

---------------  T H R E A D  ---------------

Current thread (0x000000001a35f800):  JavaThread "C2 CompilerThread0" daemon [_thread_in_native, id=137572, stack(0x000000001bf60000,0x000000001c060000)]

Stack: [0x000000001bf60000,0x000000001c060000]
[error occurred during error reporting (printing stack bounds), id 0xc0000005]

Native frames: (J=compiled Java code, j=interpreted, Vv=VM code, C=native code)


Current CompileTask:
C2:   7581 1333       4       java.io.WinNTFileSystem::normalize (143 bytes)


---------------  P R O C E S S  ---------------

Java Threads: ( => current thread )
  0x000000001d6e4800 JavaThread "hconnection-0x394df057-shared--pool1-t1" daemon [_thread_in_native, id=142300, stack(0x000000001f5a0000,0x000000001f6a0000)]
  0x000000001d6df000 JavaThread "main-EventThread" daemon [_thread_blocked, id=138132, stack(0x000000001f1a0000,0x000000001f2a0000)]
  0x000000001d6e2000 JavaThread "main-SendThread(127.0.0.1:2181)" daemon [_thread_in_native, id=133016, stack(0x000000001f0a0000,0x000000001f1a0000)]
  0x000000001b6f7800 JavaThread "Service Thread" daemon [_thread_blocked, id=41108, stack(0x000000001c260000,0x000000001c360000)]
  0x000000001b6f0800 JavaThread "C1 CompilerThread2" daemon [_thread_blocked, id=128864, stack(0x000000001c160000,0x000000001c260000)]
  0x000000001a362000 JavaThread "C2 CompilerThread1" daemon [_thread_in_native, id=140936, stack(0x000000001c060000,0x000000001c160000)]
=>0x000000001a35f800 JavaThread "C2 CompilerThread0" daemon [_thread_in_native, id=137572, stack(0x000000001bf60000,0x000000001c060000)]
  0x000000001a351000 JavaThread "JDWP Command Reader" daemon [_thread_in_native, id=121500, stack(0x000000001be60000,0x000000001bf60000)]
  0x000000001a34d800 JavaThread "JDWP Event Helper Thread" daemon [_thread_blocked, id=125160, stack(0x000000001bd60000,0x000000001be60000)]
  0x000000001a349000 JavaThread "JDWP Transport Listener: dt_socket" daemon [_thread_blocked, id=137360, stack(0x000000001bc60000,0x000000001bd60000)]
  0x000000001a337000 JavaThread "Attach Listener" daemon [_thread_blocked, id=139316, stack(0x000000001bb60000,0x000000001bc60000)]
  0x000000001a325000 JavaThread "Signal Dispatcher" daemon [_thread_blocked, id=140884, stack(0x000000001ba60000,0x000000001bb60000)]
  0x000000001a2f9000 JavaThread "Finalizer" daemon [_thread_blocked, id=40064, stack(0x000000001b560000,0x000000001b660000)]
  0x0000000003276000 JavaThread "Reference Handler" daemon [_thread_blocked, id=40284, stack(0x000000001b460000,0x000000001b560000)]
  0x0000000003186800 JavaThread "main" [_thread_blocked, id=85032, stack(0x0000000003080000,0x0000000003180000)]

Other Threads:
  0x000000001a2d7800 VMThread [stack: 0x000000001b360000,0x000000001b460000] [id=141944]
  0x000000001b75e000 WatcherThread [stack: 0x000000001c360000,0x000000001c460000] [id=129792]

VM state:not at safepoint (normal execution)

VM Mutex/Monitor currently owned by a thread: None

Heap:
 PSYoungGen      total 57344K, used 49162K [0x0000000780900000, 0x0000000784900000, 0x00000007c0000000)
  eden space 49152K, 85% used [0x0000000780900000,0x00000007831dbc08,0x0000000783900000)
  from space 8192K, 89% used [0x0000000783900000,0x0000000784026ed0,0x0000000784100000)
  to   space 8192K, 0% used [0x0000000784100000,0x0000000784100000,0x0000000784900000)
 ParOldGen       total 131072K, used 80K [0x0000000701a00000, 0x0000000709a00000, 0x0000000780900000)
  object space 131072K, 0% used [0x0000000701a00000,0x0000000701a14010,0x0000000709a00000)
 Metaspace       used 15485K, capacity 15674K, committed 15872K, reserved 1062912K
  class space    used 1723K, capacity 1788K, committed 1792K, reserved 1048576K

Card table byte_map: [0x0000000012640000,0x0000000012c40000] byte_map_base: 0x000000000ee33000

Marking Bits: (ParMarkBitMap*) 0x0000000053650600
 Begin Bits: [0x0000000013440000, 0x00000000163d8000)
 End Bits:   [0x00000000163d8000, 0x0000000019370000)

Polling page: 0x0000000002a70000

CodeCache: size=245760Kb used=5446Kb max_used=5446Kb free=240313Kb
 bounds [0x0000000003280000, 0x00000000037e0000, 0x0000000012280000]
 total_blobs=1716 nmethods=1334 adapters=303
 compilation: enabled

Compilation events (10 events):
Event: 7.387 Thread 0x000000001b6f0800 nmethod 1331 0x00000000037d2990 code [0x00000000037d2b00, 0x00000000037d2d10]
Event: 7.387 Thread 0x000000001b6f0800 1332       3       java.lang.Integer::getChars (131 bytes)
Event: 7.387 Thread 0x000000001b6f0800 nmethod 1332 0x00000000037d2e10 code [0x00000000037d2fa0, 0x00000000037d3430]
Event: 7.466 Thread 0x000000001a35f800 1333       4       java.io.WinNTFileSystem::normalize (143 bytes)
Event: 7.572 Thread 0x000000001b6f0800 1336       1       sun.misc.PerfCounter::getFindClassTime (4 bytes)
Event: 7.572 Thread 0x000000001b6f0800 nmethod 1336 0x00000000037d4110 code [0x00000000037d4260, 0x00000000037d4350]
Event: 7.572 Thread 0x000000001b6f0800 1337       1       sun.misc.PerfCounter::getFindClasses (4 bytes)
Event: 7.572 Thread 0x000000001b6f0800 nmethod 1337 0x00000000037d43d0 code [0x00000000037d4520, 0x00000000037d4610]
Event: 7.572 Thread 0x000000001b6f0800 1335       1       sun.misc.PerfCounter::getParentDelegationTime (4 bytes)
Event: 7.572 Thread 0x000000001b6f0800 nmethod 1335 0x00000000037d4690 code [0x00000000037d47e0, 0x00000000037d48d0]

GC Heap History (2 events):
Event: 6.740 GC heap before
{Heap before GC invocations=1 (full 0):
 PSYoungGen      total 57344K, used 49152K [0x0000000780900000, 0x0000000784900000, 0x00000007c0000000)
  eden space 49152K, 100% used [0x0000000780900000,0x0000000783900000,0x0000000783900000)
  from space 8192K, 0% used [0x0000000784100000,0x0000000784100000,0x0000000784900000)
  to   space 8192K, 0% used [0x0000000783900000,0x0000000783900000,0x0000000784100000)
 ParOldGen       total 131072K, used 0K [0x0000000701a00000, 0x0000000709a00000, 0x0000000780900000)
  object space 131072K, 0% used [0x0000000701a00000,0x0000000701a00000,0x0000000709a00000)
 Metaspace       used 12606K, capacity 12794K, committed 13056K, reserved 1060864K
  class space    used 1405K, capacity 1468K, committed 1536K, reserved 1048576K
Event: 6.752 GC heap after
Heap after GC invocations=1 (full 0):
 PSYoungGen      total 57344K, used 7323K [0x0000000780900000, 0x0000000784900000, 0x00000007c0000000)
  eden space 49152K, 0% used [0x0000000780900000,0x0000000780900000,0x0000000783900000)
  from space 8192K, 89% used [0x0000000783900000,0x0000000784026ed0,0x0000000784100000)
  to   space 8192K, 0% used [0x0000000784100000,0x0000000784100000,0x0000000784900000)
 ParOldGen       total 131072K, used 80K [0x0000000701a00000, 0x0000000709a00000, 0x0000000780900000)
  object space 131072K, 0% used [0x0000000701a00000,0x0000000701a14010,0x0000000709a00000)
 Metaspace       used 12606K, capacity 12794K, committed 13056K, reserved 1060864K
  class space    used 1405K, capacity 1468K, committed 1536K, reserved 1048576K
}

Deoptimization events (10 events):
Event: 6.810 Thread 0x0000000003186800 Uncommon trap: reason=unstable_if action=reinterpret pc=0x000000000367da6c method=com.google.common.collect.MapMakerInternalMap$Segment.getEntry(Ljava/lang/Object;I)Lcom/google/common/collect/MapMakerInternalMap$ReferenceEntry; @ 40
Event: 6.833 Thread 0x0000000003186800 Uncommon trap: reason=unstable_if action=reinterpret pc=0x0000000003677080 method=com.google.common.collect.MapMakerInternalMap$Segment.getEntry(Ljava/lang/Object;I)Lcom/google/common/collect/MapMakerInternalMap$ReferenceEntry; @ 40
Event: 6.861 Thread 0x0000000003186800 Uncommon trap: reason=unstable_if action=reinterpret pc=0x00000000034bee6c method=com.sun.org.apache.xerces.internal.impl.XMLEntityScanner.scanContent(Lcom/sun/org/apache/xerces/internal/xni/XMLString;)I @ 385
Event: 7.060 Thread 0x0000000003186800 Uncommon trap: reason=predicate action=maybe_recompile pc=0x000000000373f254 method=java.util.LinkedList.toArray([Ljava/lang/Object;)[Ljava/lang/Object; @ 45
Event: 7.078 Thread 0x0000000003186800 Uncommon trap: reason=array_check action=maybe_recompile pc=0x000000000373f748 method=java.util.LinkedList.toArray([Ljava/lang/Object;)[Ljava/lang/Object; @ 55
Event: 7.078 Thread 0x0000000003186800 Uncommon trap: reason=array_check action=maybe_recompile pc=0x000000000373f748 method=java.util.LinkedList.toArray([Ljava/lang/Object;)[Ljava/lang/Object; @ 55
Event: 7.079 Thread 0x0000000003186800 Uncommon trap: reason=array_check action=maybe_recompile pc=0x000000000373f748 method=java.util.LinkedList.toArray([Ljava/lang/Object;)[Ljava/lang/Object; @ 55
Event: 7.079 Thread 0x0000000003186800 Uncommon trap: reason=array_check action=maybe_recompile pc=0x000000000373f748 method=java.util.LinkedList.toArray([Ljava/lang/Object;)[Ljava/lang/Object; @ 55
Event: 7.273 Thread 0x0000000003186800 Uncommon trap: reason=bimorphic action=maybe_recompile pc=0x00000000036163d0 method=java.util.HashMap.putVal(ILjava/lang/Object;Ljava/lang/Object;ZZ)Ljava/lang/Object; @ 203
Event: 7.273 Thread 0x0000000003186800 Uncommon trap: reason=bimorphic action=maybe_recompile pc=0x00000000036163d0 method=java.util.HashMap.putVal(ILjava/lang/Object;Ljava/lang/Object;ZZ)Ljava/lang/Object; @ 203

Internal exceptions (10 events):
Event: 0.898 Thread 0x0000000003186800 Exception <a 'java/security/PrivilegedActionException'> (0x0000000780d85b48) thrown at [D:\re\workspace\8-2-build-windows-amd64-cygwin\jdk8u77\6540\hotspot\src\share\vm\prims\jvm.cpp, line 1386]
Event: 0.898 Thread 0x0000000003186800 Exception <a 'java/security/PrivilegedActionException'> (0x0000000780d85d58) thrown at [D:\re\workspace\8-2-build-windows-amd64-cygwin\jdk8u77\6540\hotspot\src\share\vm\prims\jvm.cpp, line 1386]
Event: 3.121 Thread 0x0000000003186800 Exception <a 'java/io/FileNotFoundException'> (0x000000078264c7e0) thrown at [D:\re\workspace\8-2-build-windows-amd64-cygwin\jdk8u77\6540\hotspot\src\share\vm\prims\jni.cpp, line 709]
Event: 3.121 Thread 0x0000000003186800 Exception <a 'java/security/PrivilegedActionException'> (0x000000078264cbb8) thrown at [D:\re\workspace\8-2-build-windows-amd64-cygwin\jdk8u77\6540\hotspot\src\share\vm\prims\jvm.cpp, line 1386]
Event: 3.122 Thread 0x0000000003186800 Exception <a 'java/lang/reflect/InvocationTargetException'> (0x000000078264ecc0) thrown at [D:\re\workspace\8-2-build-windows-amd64-cygwin\jdk8u77\6540\hotspot\src\share\vm\runtime\reflection.cpp, line 1092]
Event: 4.238 Thread 0x0000000003186800 Exception <a 'java/lang/NoSuchFieldError': method resolution failed> (0x0000000782f1c788) thrown at [D:\re\workspace\8-2-build-windows-amd64-cygwin\jdk8u77\6540\hotspot\src\share\vm\prims\methodHandles.cpp, line 1146]
Event: 4.241 Thread 0x0000000003186800 Exception <a 'java/lang/NoSuchFieldError': method resolution failed> (0x0000000782f29e48) thrown at [D:\re\workspace\8-2-build-windows-amd64-cygwin\jdk8u77\6540\hotspot\src\share\vm\prims\methodHandles.cpp, line 1146]
Event: 5.477 Thread 0x000000001d6e2000 Exception <a 'java/net/ConnectException': Connection refused: no further information> (0x0000000783095470) thrown at [D:\re\workspace\8-2-build-windows-amd64-cygwin\jdk8u77\6540\hotspot\src\share\vm\prims\jni.cpp, line 735]
Event: 6.810 Thread 0x0000000003186800 Implicit null exception at 0x000000000367d078 to 0x000000000367da45
Event: 6.833 Thread 0x0000000003186800 Implicit null exception at 0x0000000003676c57 to 0x000000000367705d

Events (10 events):
Event: 7.572 Thread 0x000000001d6e4800 DEOPT PACKING pc=0x00000000036ef9f4 sp=0x000000001f698e20
Event: 7.572 Thread 0x000000001d6e4800 DEOPT UNPACKING pc=0x00000000032c787f sp=0x000000001f698c30 mode 1
Event: 7.573 loading class com/google/protobuf/DescriptorProtos$FieldOptionsOrBuilder
Event: 7.573 loading class com/google/protobuf/DescriptorProtos$FieldOptionsOrBuilder done
Event: 7.573 Thread 0x000000001d6e4800 DEOPT PACKING pc=0x00000000034e85c9 sp=0x000000001f69a5b0
Event: 7.573 Thread 0x000000001d6e4800 DEOPT UNPACKING pc=0x00000000032c787f sp=0x000000001f69a300 mode 1
Event: 7.573 Thread 0x000000001d6e4800 DEOPT PACKING pc=0x00000000036efc5c sp=0x000000001f69a630
Event: 7.573 Thread 0x000000001d6e4800 DEOPT UNPACKING pc=0x00000000032c787f sp=0x000000001f69a440 mode 1
Event: 7.573 Thread 0x000000001d6e4800 DEOPT PACKING pc=0x00000000036ef9f4 sp=0x000000001f69a7b0
Event: 7.573 Thread 0x000000001d6e4800 DEOPT UNPACKING pc=0x00000000032c787f sp=0x000000001f69a5c0 mode 1


Dynamic libraries:
0x00007ff62e280000 - 0x00007ff62e2b7000 	D:\Tools\Java\jdk\bin\java.exe
0x00007ff9d2fe0000 - 0x00007ff9d31c1000 	C:\WINDOWS\SYSTEM32\ntdll.dll
0x00007ff9d2cb0000 - 0x00007ff9d2d61000 	C:\WINDOWS\System32\KERNEL32.DLL
0x00007ff9cf500000 - 0x00007ff9cf773000 	C:\WINDOWS\System32\KERNELBASE.dll
0x00007ff9d21b0000 - 0x00007ff9d2251000 	C:\WINDOWS\System32\ADVAPI32.dll
0x00007ff9d2dd0000 - 0x00007ff9d2e6e000 	C:\WINDOWS\System32\msvcrt.dll
0x00007ff9d2d70000 - 0x00007ff9d2dcb000 	C:\WINDOWS\System32\sechost.dll
0x00007ff9d2e80000 - 0x00007ff9d2fa4000 	C:\WINDOWS\System32\RPCRT4.dll
0x00007ff9d04f0000 - 0x00007ff9d0680000 	C:\WINDOWS\System32\USER32.dll
0x00007ff9d03f0000 - 0x00007ff9d0410000 	C:\WINDOWS\System32\win32u.dll
0x00007ff9d1c10000 - 0x00007ff9d1c38000 	C:\WINDOWS\System32\GDI32.dll
0x00007ff9cf780000 - 0x00007ff9cf912000 	C:\WINDOWS\System32\gdi32full.dll
0x00007ff9cf920000 - 0x00007ff9cf9bf000 	C:\WINDOWS\System32\msvcp_win.dll
0x00007ff9cf400000 - 0x00007ff9cf4f8000 	C:\WINDOWS\System32\ucrtbase.dll
0x00007ff9c38c0000 - 0x00007ff9c3b29000 	C:\WINDOWS\WinSxS\amd64_microsoft.windows.common-controls_6595b64144ccf1df_6.0.17134.706_none_fb43a2cb30647007\COMCTL32.dll
0x00007ff9d1e80000 - 0x00007ff9d21a2000 	C:\WINDOWS\System32\combase.dll
0x00007ff9cf9c0000 - 0x00007ff9cfa3a000 	C:\WINDOWS\System32\bcryptPrimitives.dll
0x00007ff9d2bb0000 - 0x00007ff9d2bdd000 	C:\WINDOWS\System32\IMM32.DLL
0x0000000053f30000 - 0x0000000054002000 	D:\Tools\Java\jdk\jre\bin\msvcr100.dll
0x0000000052e40000 - 0x00000000536d0000 	D:\Tools\Java\jdk\jre\bin\server\jvm.dll
0x00007ff9d23e0000 - 0x00007ff9d23e8000 	C:\WINDOWS\System32\PSAPI.DLL
0x00007ff9ba200000 - 0x00007ff9ba209000 	C:\WINDOWS\SYSTEM32\WSOCK32.dll
0x00007ff9d0480000 - 0x00007ff9d04ec000 	C:\WINDOWS\System32\WS2_32.dll
0x00007ff9cd670000 - 0x00007ff9cd693000 	C:\WINDOWS\SYSTEM32\WINMM.dll
0x00007ff9c94d0000 - 0x00007ff9c94da000 	C:\WINDOWS\SYSTEM32\VERSION.dll
0x00007ff9cd640000 - 0x00007ff9cd66a000 	C:\WINDOWS\SYSTEM32\WINMMBASE.dll
0x00007ff9cf3b0000 - 0x00007ff9cf3f9000 	C:\WINDOWS\System32\cfgmgr32.dll
0x0000000052e30000 - 0x0000000052e3f000 	D:\Tools\Java\jdk\jre\bin\verify.dll
0x0000000052e00000 - 0x0000000052e29000 	D:\Tools\Java\jdk\jre\bin\java.dll
0x0000000052c50000 - 0x0000000052c85000 	D:\Tools\Java\jdk\jre\bin\jdwp.dll
0x0000000052c40000 - 0x0000000052c48000 	D:\Tools\Java\jdk\jre\bin\npt.dll
0x0000000052d00000 - 0x0000000052d16000 	D:\Tools\Java\jdk\jre\bin\zip.dll
0x00007ff9d07d0000 - 0x00007ff9d1c10000 	C:\WINDOWS\System32\SHELL32.dll
0x00007ff9d0720000 - 0x00007ff9d07c9000 	C:\WINDOWS\System32\shcore.dll
0x00007ff9cfc30000 - 0x00007ff9d033d000 	C:\WINDOWS\System32\windows.storage.dll
0x00007ff9d2b50000 - 0x00007ff9d2ba1000 	C:\WINDOWS\System32\shlwapi.dll
0x00007ff9cf370000 - 0x00007ff9cf381000 	C:\WINDOWS\System32\kernel.appcore.dll
0x00007ff9cf340000 - 0x00007ff9cf35f000 	C:\WINDOWS\System32\profapi.dll
0x00007ff9cf2f0000 - 0x00007ff9cf33c000 	C:\WINDOWS\System32\powrprof.dll
0x00007ff9cf360000 - 0x00007ff9cf36a000 	C:\WINDOWS\System32\FLTLIB.DLL
0x0000000052c30000 - 0x0000000052c39000 	D:\Tools\Java\jdk\jre\bin\dt_socket.dll
0x00007ff9ceb10000 - 0x00007ff9ceb76000 	C:\WINDOWS\system32\mswsock.dll
0x0000000052cb0000 - 0x0000000052cbd000 	D:\Tools\Java\jdk\jre\bin\management.dll
0x00007ff9be6d0000 - 0x00007ff9be6e1000 	F:\experiment\hadoop-common-2.2.0\bin\hadoop.dll
0x00007ff9ce4e0000 - 0x00007ff9ce52b000 	C:\WINDOWS\SYSTEM32\AUTHZ.dll
0x00007ff9ba520000 - 0x00007ff9ba537000 	C:\WINDOWS\SYSTEM32\NETAPI32.dll
0x00007ff9ca090000 - 0x00007ff9ca0a8000 	C:\WINDOWS\SYSTEM32\SAMCLI.DLL
0x00007ff9ce8d0000 - 0x00007ff9ce8de000 	C:\WINDOWS\SYSTEM32\NETUTILS.DLL
0x0000000052ca0000 - 0x0000000052ca9000 	D:\Tools\Java\jdk\jre\bin\w2k_lsa_auth.dll
0x00007ff9bc970000 - 0x00007ff9bc97c000 	C:\WINDOWS\SYSTEM32\Secur32.dll
0x00007ff9cf1f0000 - 0x00007ff9cf220000 	C:\WINDOWS\SYSTEM32\SSPICLI.DLL
0x0000000052c90000 - 0x0000000052c99000 	D:\Tools\Java\jdk\jre\bin\jaas_nt.dll
0x0000000052ce0000 - 0x0000000052cfa000 	D:\Tools\Java\jdk\jre\bin\net.dll
0x00007ff9ce890000 - 0x00007ff9ce8c8000 	C:\WINDOWS\SYSTEM32\IPHLPAPI.DLL
0x00007ff9d2e70000 - 0x00007ff9d2e78000 	C:\WINDOWS\System32\NSI.dll
0x00007ff9c8080000 - 0x00007ff9c8096000 	C:\WINDOWS\SYSTEM32\dhcpcsvc6.DLL
0x00007ff9c8250000 - 0x00007ff9c826a000 	C:\WINDOWS\SYSTEM32\dhcpcsvc.DLL
0x00007ff9b9c50000 - 0x00007ff9b9c66000 	C:\WINDOWS\system32\napinsp.dll
0x00007ff9b9610000 - 0x00007ff9b962a000 	C:\WINDOWS\system32\pnrpnsp.dll
0x00007ff9cb730000 - 0x00007ff9cb749000 	C:\WINDOWS\system32\NLAapi.dll
0x00007ff9ce8e0000 - 0x00007ff9ce99e000 	C:\WINDOWS\SYSTEM32\DNSAPI.dll
0x00007ff9b9250000 - 0x00007ff9b925e000 	C:\WINDOWS\System32\winrnr.dll
0x00007ff9c03a0000 - 0x00007ff9c03b5000 	C:\WINDOWS\System32\wshbth.dll
0x00007ff9bf060000 - 0x00007ff9bf06a000 	C:\Windows\System32\rasadhlp.dll
0x00007ff9bf090000 - 0x00007ff9bf102000 	C:\WINDOWS\System32\fwpuclnt.dll
0x00007ff9cedf0000 - 0x00007ff9cee15000 	C:\WINDOWS\SYSTEM32\bcrypt.dll
0x0000000052cc0000 - 0x0000000052cd1000 	D:\Tools\Java\jdk\jre\bin\nio.dll
0x00007ff9cecc0000 - 0x00007ff9cecd7000 	C:\WINDOWS\SYSTEM32\CRYPTSP.dll
0x00007ff9ce6f0000 - 0x00007ff9ce723000 	C:\WINDOWS\system32\rsaenh.dll
0x00007ff9cf220000 - 0x00007ff9cf248000 	C:\WINDOWS\SYSTEM32\USERENV.dll
0x00007ff9cece0000 - 0x00007ff9ceceb000 	C:\WINDOWS\SYSTEM32\CRYPTBASE.dll

VM Arguments:
jvm_args: -agentlib:jdwp=transport=dt_socket,address=127.0.0.1:49404,suspend=y,server=n -Dfile.encoding=UTF-8 
java_command: com.rogerguo.test.HBaseAPITest
java_class_path (initial): D:\Tools\Java\jdk\jre\lib\charsets.jar;D:\Tools\Java\jdk\jre\lib\deploy.jar;D:\Tools\Java\jdk\jre\lib\ext\access-bridge-64.jar;D:\Tools\Java\jdk\jre\lib\ext\cldrdata.jar;D:\Tools\Java\jdk\jre\lib\ext\dnsns.jar;D:\Tools\Java\jdk\jre\lib\ext\jaccess.jar;D:\Tools\Java\jdk\jre\lib\ext\jfxrt.jar;D:\Tools\Java\jdk\jre\lib\ext\localedata.jar;D:\Tools\Java\jdk\jre\lib\ext\nashorn.jar;D:\Tools\Java\jdk\jre\lib\ext\sunec.jar;D:\Tools\Java\jdk\jre\lib\ext\sunjce_provider.jar;D:\Tools\Java\jdk\jre\lib\ext\sunmscapi.jar;D:\Tools\Java\jdk\jre\lib\ext\sunpkcs11.jar;D:\Tools\Java\jdk\jre\lib\ext\zipfs.jar;D:\Tools\Java\jdk\jre\lib\javaws.jar;D:\Tools\Java\jdk\jre\lib\jce.jar;D:\Tools\Java\jdk\jre\lib\jfr.jar;D:\Tools\Java\jdk\jre\lib\jfxswt.jar;D:\Tools\Java\jdk\jre\lib\jsse.jar;D:\Tools\Java\jdk\jre\lib\management-agent.jar;D:\Tools\Java\jdk\jre\lib\plugin.jar;D:\Tools\Java\jdk\jre\lib\resources.jar;D:\Tools\Java\jdk\jre\lib\rt.jar;F:\Work\Project\hbase-demo\target\classes;D:\Data\Maven\repository\org\apache\hbase\hbase-client\1.3.3\hbase-client-1.3.3.jar;D:\Data\Maven\repository\org\apache\hbase\hbase-annotations\1.3.3\hbase-annotations-1.3.3.jar;D:\Data\Maven\repository\com\github\stephenc\findbugs\findbugs-annotations\1.3.9-1\findbugs-annotations-1.3.9-1.jar;D:\Data\Maven\repository\org\apache\hbase\hbase-common\1.3.3\hbase-common-1.3.3.jar;D:\Data\Maven\repository\org\apache\hbase\hbase-protocol\1.3.3\hbase-protocol-1.3.3.jar;D:\Data\Maven\repository\commons-codec\commons-codec\1.9\commons-codec-1.9.jar;D:\Data\Maven\repository\commons-io\commons-io\2.4\commons-io-2.4.jar;D:\Data\Maven\repository\commons-lang\commons-lang\2.6\commons-lang-2.6.jar;D:\Data\Maven\repository\commons-logging\commons-logging\1.2\commons-logging-1.2.jar;D:\Data\Maven\repository\com\google\guava\guava\12.0.1\guava-12.0.1.jar;D:\Data\Maven\repository\com\google\protobuf\protobuf-java\2.5.0\protobuf-java-2.5.0.jar;D:\Data\Maven\repository\io\netty\netty-all\4.0.50.Final\nett
Launcher Type: SUN_STANDARD

Environment Variables:
JAVA_HOME=D:\Tools\Java\jdk
CLASSPATH=.;D:\Tools\Java\jdklib;D:\Tools\Java\jdklib\tools.jar
PATH=D:\Tools\oracle\product\12.1.0\dbhome_1\bin;C:\ProgramData\Oracle\Java\javapath;D:\Tools\Python27\;D:\Tools\Python27\Scripts;C:\Program Files (x86)\Intel\iCLS Client\;C:\Program Files\Intel\iCLS Client\;C:\Windows\system32;C:\Windows;C:\Windows\System32\Wbem;C:\Windows\System32\WindowsPowerShell\v1.0\;C:\Program Files (x86)\NVIDIA Corporation\PhysX\Common;C:\Program Files (x86)\Intel\Intel(R) Management Engine Components\DAL;C:\Program Files\Intel\Intel(R) Management Engine Components\DAL;C:\Program Files (x86)\Intel\Intel(R) Management Engine Components\IPT;C:\Program Files\Intel\Intel(R) Management Engine Components\IPT;C:\WINDOWS\system32;C:\WINDOWS;C:\WINDOWS\System32\Wbem;C:\WINDOWS\System32\WindowsPowerShell\v1.0\;C:\ProgramData\chocolatey\bin;D:\Tools\Python27\Lib\site-packages\Django-1.8.9-py2.7.egg\django\bin;E:\Tool\matlab\runtime\win64;E:\Tool\matlab\bin;D:\Tools\Matlab\runtime\win64;D:\Tools\Matlab\bin;F:\Work\LearnPython;D:\Tools\MySQL\mysql-5.7.11-winx64\bin;C:\winrun;D:\Tools\IdeaIU\IDEA\apache-maven-3.3.3\bin;C:\WINDOWS\system32;C:\WINDOWS;C:\WINDOWS\System32\Wbem;C:\WINDOWS\System32\WindowsPowerShell\v1.0\;C:\Program Files\Microsoft SQL Server\Client SDK\ODBC\110\Tools\Binn\;C:\Program Files (x86)\Microsoft SQL Server\120\Tools\Binn\;C:\Program Files\Microsoft SQL Server\120\Tools\Binn\;C:\Program Files\Microsoft SQL Server\120\DTS\Binn\;C:\Program Files (x86)\Microsoft SQL Server\120\Tools\Binn\ManagementStudio\;C:\Program Files (x86)\Microsoft SQL Server\120\DTS\Binn\;C:\Program Files\Intel\WiFi\bin\;C:\Program Files\Common Files\Intel\WirelessCommon\;D:\Tools\MiKTeX2.9\miktex\bin\x64\;E:\Tool\matlab\polyspace\bin;C:\WINDOWS\System32\OpenSSH\;D:\Tools\Java\jdk\bin;D:\Tools\Java\jdk\jre\bin;D:\Tools\Tomcat\bin;D:\Tools\Tomcat\lib;D:\Tools\SSHSecureShell;C:\Users\LAccordeur\AppData\Local\Microsoft\WindowsApps;D:\Tools\MiKTeX2.9\miktex\bin\x64;D:\Tools\PyCharm\PyCharm 2018.3.1\bin;;F:\experiment\hadoop-common-2.2.0\bin
USERNAME=LAccordeur
OS=Windows_NT
PROCESSOR_IDENTIFIER=Intel64 Family 6 Model 78 Stepping 3, GenuineIntel



---------------  S Y S T E M  ---------------

OS: Windows 10.0 , 64 bit Build 17134 (10.0.17134.706)

CPU:total 4 (2 cores per cpu, 2 threads per core) family 6 model 78 stepping 3, cmov, cx8, fxsr, mmx, sse, sse2, sse3, ssse3, sse4.1, sse4.2, popcnt, avx, avx2, aes, clmul, erms, 3dnowpref, lzcnt, ht, tsc, tscinvbit, bmi1, bmi2, adx

Memory: 4k page, physical 12472052k(3823512k free), swap 16921024k(4320k free)

vm_info: Java HotSpot(TM) 64-Bit Server VM (25.77-b03) for windows-amd64 JRE (1.8.0_77-b03), built on Mar 20 2016 22:01:33 by "java_re" with MS VC++ 10.0 (VS2010)

time: Fri Apr 26 09:48:02 2019
elapsed time: 7 seconds (0d 0h 0m 7s)

